Сборка начата 22.08.2023 16:56:38.
Уровень детализации журнала: Normal.     1>Проект "D:\project\SE_Lab14\SE_Lab14\SE_Lab14.vcxproj" в узле 2 (целевые объекты Rebuild).
     1>_PrepareForClean:
         Файл "Debug\SE_Lab14.tlog\SE_Lab14.lastbuildstate" удаляется.
       InitializeBuildStatus:
         Создание "Debug\SE_Lab14.tlog\unsuccessfulbuild", так как было задано "AlwaysCreate".
       ClCompile:
         D:\Progi\Visla\VC\Tools\MSVC\14.35.32215\bin\HostX86\x86\CL.exe /c /ZI /JMC /nologo /W3 /WX- /diagnostics:column /sdl /Od /Oy- /D WIN32 /D _DEBUG /D _CONSOLE /D _UNICODE /D UNICODE /Gm- /EHsc /RTC1 /MDd /GS /fp:precise /Zc:wchar_t /Zc:forScope /Zc:inline /permissive- /Yc"stdafx.h" /Fp"Debug\SE_Lab14.pch" /Fo"Debug\\" /Fd"Debug\vc143.pdb" /external:W3 /Gd /TP /analyze- /FC /errorReport:prompt Error.cpp In.cpp Log.cpp main.cpp Parm.cpp
         Error.cpp
         In.cpp
     1>D:\project\SE_Lab14\SE_Lab14\In.cpp(13,28): warning C4018: <: несоответствие типов со знаком и без знака
     1>D:\project\SE_Lab14\SE_Lab14\In.cpp(15,22): warning C4244: =: преобразование "wchar_t" в "char", возможна потеря данных
         Log.cpp
     1>D:\project\SE_Lab14\SE_Lab14\Log.cpp(10,28): warning C4018: <: несоответствие типов со знаком и без знака
     1>D:\project\SE_Lab14\SE_Lab14\Log.cpp(12,23): warning C4244: =: преобразование "wchar_t" в "char", возможна потеря данных
     1>D:\project\SE_Lab14\SE_Lab14\Log.cpp(34,22): warning C4018: <: несоответствие типов со знаком и без знака
     1>D:\project\SE_Lab14\SE_Lab14\Log.cpp(54,22): warning C4018: <: несоответствие типов со знаком и без знака
         main.cpp
         Parm.cpp
       Link:
         D:\Progi\Visla\VC\Tools\MSVC\14.35.32215\bin\HostX86\x86\link.exe /ERRORREPORT:PROMPT /OUT:"D:\project\SE_Lab14\Debug\SE_Lab14.exe" /INCREMENTAL /ILK:"Debug\SE_Lab14.ilk" /NOLOGO kernel32.lib user32.lib gdi32.lib winspool.lib comdlg32.lib advapi32.lib shell32.lib ole32.lib oleaut32.lib uuid.lib odbc32.lib odbccp32.lib /MANIFEST /MANIFESTUAC:"level='asInvoker' uiAccess='false'" /manifest:embed /DEBUG /PDB:"D:\project\SE_Lab14\Debug\SE_Lab14.pdb" /SUBSYSTEM:CONSOLE /TLBID:1 /DYNAMICBASE /NXCOMPAT /IMPLIB:"D:\project\SE_Lab14\Debug\SE_Lab14.lib" /MACHINE:X86 Debug\Error.obj
         Debug\In.obj
         Debug\Log.obj
         Debug\main.obj
         Debug\Parm.obj
         SE_Lab14.vcxproj -> D:\project\SE_Lab14\Debug\SE_Lab14.exe
       FinalizeBuildStatus:
         Файл "Debug\SE_Lab14.tlog\unsuccessfulbuild" удаляется.
         Обращение к "Debug\SE_Lab14.tlog\SE_Lab14.lastbuildstate".
     1>Сборка проекта "D:\project\SE_Lab14\SE_Lab14\SE_Lab14.vcxproj" завершена (целевые объекты Rebuild).

Сборка успешно завершена.

       "D:\project\SE_Lab14\SE_Lab14\SE_Lab14.vcxproj" (целевой объект Rebuild ) (1) ->
       (Целевой объект ClCompile) -> 
         D:\project\SE_Lab14\SE_Lab14\In.cpp(13,28): warning C4018: <: несоответствие типов со знаком и без знака
         D:\project\SE_Lab14\SE_Lab14\In.cpp(15,22): warning C4244: =: преобразование "wchar_t" в "char", возможна потеря данных
         D:\project\SE_Lab14\SE_Lab14\Log.cpp(10,28): warning C4018: <: несоответствие типов со знаком и без знака
         D:\project\SE_Lab14\SE_Lab14\Log.cpp(12,23): warning C4244: =: преобразование "wchar_t" в "char", возможна потеря данных
         D:\project\SE_Lab14\SE_Lab14\Log.cpp(34,22): warning C4018: <: несоответствие типов со знаком и без знака
         D:\project\SE_Lab14\SE_Lab14\Log.cpp(54,22): warning C4018: <: несоответствие типов со знаком и без знака

    Предупреждений: 6
    Ошибок: 0

Прошло времени 00:00:03.49
